<?xml version="1.0" encoding="UTF-8"?>
<testng-results skipped="0" failed="0" total="2" passed="2">
  <reporter-output>
  </reporter-output>
  <suite name="Default suite" duration-ms="5571" started-at="2015-09-29T11:32:30Z" finished-at="2015-09-29T11:32:35Z">
    <groups>
    </groups>
    <test name="Default test" duration-ms="5571" started-at="2015-09-29T11:32:30Z" finished-at="2015-09-29T11:32:35Z">
      <class name="news.ui.SeleniumNGTest">
        <test-method status="PASS" signature="setupBeforeSuite(org.testng.ITestContext)" name="setupBeforeSuite" is-config="true" duration-ms="3495" started-at="2015-09-29T11:32:30Z" finished-at="2015-09-29T11:32:33Z">
          <params>
            <param index="0">
              <value>
                <![CDATA[org.testng.TestRunner@7a8ba0aa]]>
              </value>
            </param>
          </params>
        </test-method>
        <test-method status="PASS" signature="invalidLoginTest()" name="invalidLoginTest" duration-ms="1533" started-at="2015-09-29T11:32:33Z" description="Login with invalid data" finished-at="2015-09-29T11:32:35Z">
        </test-method>
        <test-method status="PASS" signature="loginTest()" name="loginTest" duration-ms="463" started-at="2015-09-29T11:32:35Z" description="Login with valid data" finished-at="2015-09-29T11:32:35Z">
        </test-method>
        <test-method status="PASS" signature="afterClass()" name="afterClass" is-config="true" duration-ms="73" started-at="2015-09-29T11:32:35Z" finished-at="2015-09-29T11:32:35Z">
        </test-method>
      </class>
    </test>
  </suite>
</testng-results>
